<?xml version="1.0" encoding="UTF-8"?>
<!-- Generated by org.testng.reporters.JUnitXMLReporter -->
<testsuite ignored="0" hostname="LAPTOP-P0J58E7F" failures="0" tests="4" name="Default test" time="26.42" errors="0" timestamp="2024-01-26T20:57:46 IST">
  <testcase classname="test.ProjectTest" name="verifyProject" time="5.231"/>
  <testcase classname="test.ProjectTest" name="search" time="2.133"/>
  <testcase classname="test.ProjectTest" name="updateProject" time="3.424"/>
  <testcase classname="test.ProjectTest" name="deleteProject" time="4.413"/>
</testsuite> <!-- Default test -->
